<?xml version="1.0" encoding="UTF-8"?>
<!-- Generated by org.testng.reporters.JUnitReportReporter -->
<testsuite hostname="DESKTOP-LLLGMOJ" failures="0" tests="2" name="testngExamples.Example6" time="0.037" errors="0" timestamp="2024-03-11T20:27:03 IST" skipped="0">
  <testcase classname="testngExamples.Example6" name="tc1" time="0.026"/>
  <system-out/>
  <testcase classname="testngExamples.Example6" name="tc2" time="0.011"/>
  <system-out/>
</testsuite> <!-- testngExamples.Example6 -->
