<?xml version="1.0" encoding="UTF-8"?>
<!-- Generated by org.testng.reporters.JUnitReportReporter -->
<testsuite hostname="DESKTOP-LLLGMOJ" failures="0" tests="1" name="datadriventesting.ExcelUpdate" time="1.024" errors="0" timestamp="2024-03-14T20:55:17 IST" skipped="0">
  <testcase classname="datadriventesting.ExcelUpdate" name="updateCellDetails" time="1.024"/>
  <system-out/>
</testsuite> <!-- datadriventesting.ExcelUpdate -->
