<?xml version="1.0" encoding="UTF-8"?>
<!-- Generated by org.testng.reporters.JUnitReportReporter -->
<testsuite hostname="DESKTOP-LLLGMOJ" failures="0" tests="1" name="datadriventesting.ActitimeLogin" time="16.149" errors="0" timestamp="2024-03-14T21:09:03 IST" skipped="0">
  <testcase classname="datadriventesting.ActitimeLogin" name="testOrangeHRMLogin" time="16.149"/>
  <system-out/>
</testsuite> <!-- datadriventesting.ActitimeLogin -->
