<?xml version="1.0" encoding="UTF-8"?>
<!-- Generated by org.testng.reporters.JUnitReportReporter -->
<testsuite hostname="DESKTOP-LLLGMOJ" failures="0" tests="6" name="testngExamples.Example2" time="28.733" errors="0" timestamp="2024-03-11T20:15:57 IST" skipped="1">
  <testcase classname="testngExamples.Example2" name="openSwagLabs" time="3.976"/>
  <system-out/>
  <testcase classname="testngExamples.Example2" name="openOrangeHRM" time="6.608"/>
  <system-out/>
  <testcase classname="testngExamples.Example2" name="openOrangeHRM" time="4.780"/>
  <system-out/>
  <testcase classname="testngExamples.Example2" name="testCase" time="0.012"/>
  <system-out/>
  <testcase classname="testngExamples.Example2" name="openActitime" time="13.357"/>
  <system-out/>
  <testcase classname="testngExamples.Example2" name="openGoogle">
    <skipped/>
  </testcase> <!-- openGoogle -->
  <system-out/>
</testsuite> <!-- testngExamples.Example2 -->
