<?xml version="1.0" encoding="UTF-8"?>
<!-- Generated by org.testng.reporters.JUnitReportReporter -->
<testsuite hostname="DESKTOP-LLLGMOJ" failures="0" tests="3" name="testngExamples.Example3" time="0.018" errors="0" timestamp="2024-03-11T20:15:57 IST" skipped="0">
  <testcase classname="testngExamples.Example3" name="deletePIM" time="0.002"/>
  <system-out/>
  <testcase classname="testngExamples.Example3" name="updatePIM" time="0.015"/>
  <system-out/>
  <testcase classname="testngExamples.Example3" name="createPIM" time="0.001"/>
  <system-out/>
</testsuite> <!-- testngExamples.Example3 -->
