<?xml version="1.0" encoding="UTF-8"?>
<!-- Generated by org.testng.reporters.JUnitReportReporter -->
<testsuite hostname="DESKTOP-LLLGMOJ" failures="0" tests="3" name="testngExamples.OrangeHrmPIM" time="20.458" errors="0" timestamp="2024-03-11T20:38:25 IST" skipped="0">
  <testcase classname="testngExamples.OrangeHrmPIM" name="testPIMCreation" time="5.328"/>
  <system-out/>
  <testcase classname="testngExamples.OrangeHrmPIM" name="testPIMUpdate" time="5.506"/>
  <system-out/>
  <testcase classname="testngExamples.OrangeHrmPIM" name="testPIMDelete" time="9.624"/>
  <system-out/>
</testsuite> <!-- testngExamples.OrangeHrmPIM -->
