<?xml version="1.0" encoding="UTF-8"?>
<!-- Generated by org.testng.reporters.JUnitReportReporter -->
<testsuite hostname="DESKTOP-LLLGMOJ" failures="0" tests="2" name="testscripts.TestOrangeHrmPim" time="53.437" errors="0" timestamp="2024-03-17T22:07:55 IST" skipped="0">
  <testcase classname="testscripts.TestOrangeHrmPim" name="testPimCreation" time="27.473"/>
  <system-out/>
  <testcase classname="testscripts.TestOrangeHrmPim" name="testPimDeletion" time="25.964"/>
  <system-out/>
</testsuite> <!-- testscripts.TestOrangeHrmPim -->
