<?xml version="1.0" encoding="UTF-8"?>
<!-- Generated by org.testng.reporters.JUnitReportReporter -->
<testsuite hostname="DESKTOP-LLLGMOJ" failures="0" tests="1" name="day1.jsondata.JSONArrayExample" time="0.018" errors="0" timestamp="2024-07-21T08:48:36 IST" skipped="0">
  <testcase classname="day1.jsondata.JSONArrayExample" name="testJsonArray2" time="0.018"/>
  <system-out/>
</testsuite> <!-- day1.jsondata.JSONArrayExample -->
