<?xml version="1.0" encoding="UTF-8"?>
<!-- Generated by org.testng.reporters.JUnitReportReporter -->
<testsuite hostname="DESKTOP-LLLGMOJ" failures="0" tests="1" name="day1.jsondata.Example1" time="0.037" errors="0" timestamp="2024-07-21T08:37:37 IST" skipped="0">
  <testcase classname="day1.jsondata.Example1" name="testStringValueToJSONObject" time="0.037"/>
  <system-out/>
</testsuite> <!-- day1.jsondata.Example1 -->
