<?xml version="1.0" encoding="UTF-8"?>
<!-- Generated by org.testng.reporters.JUnitReportReporter -->
<testsuite hostname="DESKTOP-LLLGMOJ" failures="0" tests="1" name="day1.jsondata.Example2" time="0.016" errors="0" timestamp="2024-07-21T08:42:10 IST" skipped="0">
  <testcase classname="day1.jsondata.Example2" name="testJsonArray" time="0.016"/>
  <system-out/>
</testsuite> <!-- day1.jsondata.Example2 -->
