<?xml version="1.0" encoding="UTF-8"?>
<!-- Generated by org.testng.reporters.JUnitReportReporter -->
<testsuite hostname="DESKTOP-LLLGMOJ" failures="0" tests="1" name="day1.jsondata.JSONContentIntoFile" time="0.012" errors="0" timestamp="2024-07-21T08:55:56 IST" skipped="0">
  <testcase classname="day1.jsondata.JSONContentIntoFile" name="testJsonContetnWritingIntoFIle" time="0.012"/>
  <system-out/>
</testsuite> <!-- day1.jsondata.JSONContentIntoFile -->
