<?xml version="1.0" encoding="UTF-8"?>
<!-- Generated by org.testng.reporters.JUnitReportReporter -->
<testsuite hostname="DESKTOP-LLLGMOJ" failures="0" tests="6" name="api.testcase.UserTestWithExcel" time="6.685" errors="0" timestamp="2024-07-23T08:24:07 IST" skipped="0">
  <testcase classname="api.testcase.UserTestWithExcel" name="testPostUser" time="1.139"/>
  <testcase classname="api.testcase.UserTestWithExcel" name="testPostUser" time="1.162"/>
  <testcase classname="api.testcase.UserTestWithExcel" name="testPostUser" time="1.118"/>
  <testcase classname="api.testcase.UserTestWithExcel" name="testDeleteUser" time="1.052"/>
  <testcase classname="api.testcase.UserTestWithExcel" name="testDeleteUser" time="1.137"/>
  <testcase classname="api.testcase.UserTestWithExcel" name="testDeleteUser" time="1.077"/>
</testsuite> <!-- api.testcase.UserTestWithExcel -->
