<?xml version="1.0" encoding="UTF-8"?>
<!-- Generated by org.testng.reporters.JUnitReportReporter -->
<testsuite hostname="DESKTOP-LLLGMOJ" failures="0" tests="4" name="api.testcase.UserTests2" time="5.585" errors="0" timestamp="2024-07-23T08:24:07 IST" skipped="0">
  <testcase classname="api.testcase.UserTests2" name="testPostUser" time="1.127"/>
  <testcase classname="api.testcase.UserTests2" name="testGetUserByName" time="1.144"/>
  <testcase classname="api.testcase.UserTests2" name="testUpdateUserByName" time="2.228"/>
  <testcase classname="api.testcase.UserTests2" name="testDeleteUserByName" time="1.086"/>
</testsuite> <!-- api.testcase.UserTests2 -->
