<?xml version="1.0" encoding="UTF-8"?>
<!-- Generated by org.testng.reporters.JUnitReportReporter -->
<testsuite hostname="DESKTOP-LLLGMOJ" failures="0" tests="4" name="api.testcase.UserTests" time="9.749" errors="0" timestamp="2024-07-23T08:24:07 IST" skipped="0">
  <testcase classname="api.testcase.UserTests" name="testPostUser" time="5.244"/>
  <testcase classname="api.testcase.UserTests" name="testGetUser" time="1.197"/>
  <testcase classname="api.testcase.UserTests" name="testUpdateUser" time="2.197"/>
  <testcase classname="api.testcase.UserTests" name="testDeleteUser" time="1.111"/>
</testsuite> <!-- api.testcase.UserTests -->
