<?xml version="1.0" encoding="UTF-8"?>
<!-- Generated by org.testng.reporters.JUnitReportReporter -->
<testsuite hostname="DESKTOP-LLLGMOJ" failures="0" tests="6" name="api.testcase.UserTestWithExcel" time="6.685" errors="0" timestamp="2024-07-23T08:26:04 IST" skipped="0">
  <testcase classname="api.testcase.UserTestWithExcel" name="testPostUser" time="1.109"/>
  <testcase classname="api.testcase.UserTestWithExcel" name="testPostUser" time="1.043"/>
  <testcase classname="api.testcase.UserTestWithExcel" name="testPostUser" time="1.125"/>
  <testcase classname="api.testcase.UserTestWithExcel" name="testDeleteUser" time="1.163"/>
  <testcase classname="api.testcase.UserTestWithExcel" name="testDeleteUser" time="1.123"/>
  <testcase classname="api.testcase.UserTestWithExcel" name="testDeleteUser" time="1.122"/>
</testsuite> <!-- api.testcase.UserTestWithExcel -->
