<?xml version="1.0" encoding="UTF-8"?>
<!-- Generated by org.testng.reporters.JUnitReportReporter -->
<testsuite hostname="DESKTOP-LLLGMOJ" failures="0" tests="4" name="api.testcase.UserTests" time="9.311" errors="0" timestamp="2024-07-23T08:26:04 IST" skipped="0">
  <testcase classname="api.testcase.UserTests" name="testPostUser" time="4.872"/>
  <testcase classname="api.testcase.UserTests" name="testGetUser" time="1.161"/>
  <testcase classname="api.testcase.UserTests" name="testUpdateUser" time="2.208"/>
  <testcase classname="api.testcase.UserTests" name="testDeleteUser" time="1.070"/>
</testsuite> <!-- api.testcase.UserTests -->
